<?xml version="1.0" encoding="UTF-8"?>
<!-- Generated by org.testng.reporters.JUnitReportReporter -->
<testsuite skipped="0" hostname="localhost.localdomain" name="HelloworldProgram" tests="1" failures="0" timestamp="20 Jul 2021 17:11:07 GMT" time="0.012" errors="0">
  <testcase name="getdata" time="0.012" classname="HelloworldProgram"/>
</testsuite> <!-- HelloworldProgram -->
