<?xml version="1.0" encoding="UTF-8"?>
<!-- Generated by org.testng.reporters.JUnitReportReporter -->
<testsuite skipped="0" hostname="localhost.localdomain" name="Demo_Get_Weather" tests="1" failures="0" timestamp="21 Jul 2021 06:23:07 GMT" time="2.248" errors="0">
  <testcase name="Demo_Get_Weather_City" time="2.248" classname="Demo_Get_Weather"/>
</testsuite> <!-- Demo_Get_Weather -->
