<?xml version="1.0" encoding="UTF-8"?>
<!-- Generated by org.testng.reporters.JUnitReportReporter -->
<testsuite skipped="0" hostname="localhost.localdomain" name="PostAPIForUserCreation" tests="1" failures="0" timestamp="21 Jul 2021 07:00:28 GMT" time="2.721" errors="0">
  <testcase name="userCreation" time="2.721" classname="PostAPIForUserCreation"/>
</testsuite> <!-- PostAPIForUserCreation -->
