<?xml version="1.0" encoding="UTF-8"?>
<!-- Generated by org.testng.reporters.JUnitReportReporter -->
<testsuite skipped="3" hostname="localhost.localdomain" name="PostAPIForTemplateCreation" tests="4" failures="0" timestamp="29 Jul 2021 16:24:10 GMT" time="6.272" errors="0">
  <testcase name="deleteHangupCauseTemplate" time="6.272" classname="PostAPIForTemplateCreation"/>
  <testcase name="updateHangupCauseTemplate" classname="PostAPIForTemplateCreation">
    <skipped/>
  </testcase> <!-- updateHangupCauseTemplate -->
  <testcase name="GetHangupCauseTemplate" classname="PostAPIForTemplateCreation">
    <skipped/>
  </testcase> <!-- GetHangupCauseTemplate -->
  <testcase name="TemplateCreation" classname="PostAPIForTemplateCreation">
    <skipped/>
  </testcase> <!-- TemplateCreation -->
</testsuite> <!-- PostAPIForTemplateCreation -->
