<?xml version="1.0" encoding="UTF-8"?>
<!-- Generated by org.testng.reporters.JUnitReportReporter -->
<testsuite skipped="0" hostname="localhost.localdomain" name="com.restassured.BaseClass" tests="1" failures="0" timestamp="22 Jul 2021 15:54:39 GMT" time="1.553" errors="0">
  <testcase name="getRequest" time="1.553" classname="com.restassured.BaseClass"/>
</testsuite> <!-- com.restassured.BaseClass -->
