<?xml version="1.0" encoding="UTF-8"?>
<!-- Generated by org.testng.reporters.JUnitReportReporter -->
<testsuite skipped="0" hostname="localhost.localdomain" name="TextInput" tests="1" failures="0" timestamp="23 Jul 2021 05:56:49 GMT" time="21.363" errors="0">
  <testcase name="enterTextUsingJavaScript" time="21.363" classname="TextInput"/>
</testsuite> <!-- TextInput -->
