<?xml version="1.0" encoding="UTF-8"?>
<!-- Generated by org.testng.reporters.JUnitReportReporter -->
<testsuite skipped="3" hostname="localhost.localdomain" name="PostAPIForTemplateCreation" tests="4" failures="0" timestamp="21 Jul 2021 11:50:16 GMT" time="2.567" errors="0">
  <testcase name="deleteHangupCauseTemplate" time="2.567" classname="PostAPIForTemplateCreation"/>
  <testcase name="updateHangupCauseTemplate" classname="PostAPIForTemplateCreation">
    <skipped/>
  </testcase> <!-- updateHangupCauseTemplate -->
  <testcase name="GetHangupCauseTemplate" classname="PostAPIForTemplateCreation">
    <skipped/>
  </testcase> <!-- GetHangupCauseTemplate -->
  <testcase name="TemplateCreation" classname="PostAPIForTemplateCreation">
    <skipped/>
  </testcase> <!-- TemplateCreation -->
</testsuite> <!-- PostAPIForTemplateCreation -->
